1602077834999	geckodriver	INFO	Listening on 127.0.0.1:57753
1602077838059	mozrunner::runner	INFO	Running command: "C:\\Program Files\\Mozilla Firefox\\firefox.exe" "--marionette" "-foreground" "-no-remote" "-profile" "C:\\Users\\User\\AppData\\Local\\Temp\\rust_mozprofileKVFI8o"
JavaScript error: resource://gre/modules/XULStore.jsm, line 66: Error: Can't find profile directory.
console.error: SearchCache: "_readCacheFile: Error reading cache file:" (new Error("", "(unknown module)"))
1602077839901	Marionette	INFO	Listening on port 57764
1602077840098	Marionette	WARN	TLS certificate errors will be ignored for this session
1602077851040	Marionette	INFO	Stopped listening on port 57764

###!!! [Child][RunMessage] Error: Channel closing: too late to send/recv, messages will be lost


###!!! [Child][MessageChannel::SendAndWait] Error: Channel error: cannot send/recv

1602077851541	geckodriver	INFO	Listening on 127.0.0.1:57845
1602077854602	mozrunner::runner	INFO	Running command: "C:\\Program Files\\Mozilla Firefox\\firefox.exe" "--marionette" "-foreground" "-no-remote" "-profile" "C:\\Users\\User\\AppData\\Local\\Temp\\rust_mozprofileDwY49g"
JavaScript error: resource://gre/modules/XULStore.jsm, line 66: Error: Can't find profile directory.
console.error: SearchCache: "_readCacheFile: Error reading cache file:" (new Error("", "(unknown module)"))
1602077856339	Marionette	INFO	Listening on port 57856
1602077856617	Marionette	WARN	TLS certificate errors will be ignored for this session
JavaScript error: https://maxcdn.bootstrapcdn.com/bootstrap/3.2.0/js/bootstrap.min.js, line 6: Error: Bootstrap's JavaScript requires jQuery
1602077869361	Marionette	INFO	Stopped listening on port 57856

###!!! [Child][RunMessage] Error: Channel closing: too late to send/recv, messages will be lost


###!!! [Child][MessageChannel::SendAndWait] Error: Channel error: cannot send/recv

1602077972706	geckodriver	INFO	Listening on 127.0.0.1:58111
1602077975780	mozrunner::runner	INFO	Running command: "C:\\Program Files\\Mozilla Firefox\\firefox.exe" "--marionette" "-foreground" "-no-remote" "-profile" "C:\\Users\\User\\AppData\\Local\\Temp\\rust_mozprofileH0jyWu"
JavaScript error: resource://gre/modules/XULStore.jsm, line 66: Error: Can't find profile directory.
console.error: SearchCache: "_readCacheFile: Error reading cache file:" (new Error("", "(unknown module)"))
1602077977753	Marionette	INFO	Listening on port 58119
1602077977788	Marionette	WARN	TLS certificate errors will be ignored for this session
1602077984583	Marionette	INFO	Stopped listening on port 58119

###!!! [Child][RunMessage] Error: Channel closing: too late to send/recv, messages will be lost


###!!! [Child][MessageChannel::SendAndWait] Error: Channel error: cannot send/recv

1602078098901	geckodriver	INFO	Listening on 127.0.0.1:58430
1602078101929	mozrunner::runner	INFO	Running command: "C:\\Program Files\\Mozilla Firefox\\firefox.exe" "--marionette" "-foreground" "-no-remote" "-profile" "C:\\Users\\User\\AppData\\Local\\Temp\\rust_mozprofileO55nIs"
JavaScript error: resource://gre/modules/XULStore.jsm, line 66: Error: Can't find profile directory.
console.error: SearchCache: "_readCacheFile: Error reading cache file:" (new Error("", "(unknown module)"))
1602078103735	Marionette	INFO	Listening on port 58440
1602078103936	Marionette	WARN	TLS certificate errors will be ignored for this session
1602078111237	Marionette	INFO	Stopped listening on port 58440

###!!! [Child][RunMessage] Error: Channel closing: too late to send/recv, messages will be lost


###!!! [Child][MessageChannel::SendAndWait] Error: Channel error: cannot send/recv

1602078111722	geckodriver	INFO	Listening on 127.0.0.1:58524
1602078114786	mozrunner::runner	INFO	Running command: "C:\\Program Files\\Mozilla Firefox\\firefox.exe" "--marionette" "-foreground" "-no-remote" "-profile" "C:\\Users\\User\\AppData\\Local\\Temp\\rust_mozprofileWfq5Pq"
JavaScript error: resource://gre/modules/XULStore.jsm, line 66: Error: Can't find profile directory.
console.error: SearchCache: "_readCacheFile: Error reading cache file:" (new Error("", "(unknown module)"))
1602078116413	Marionette	INFO	Listening on port 58534
1602078116809	Marionette	WARN	TLS certificate errors will be ignored for this session
JavaScript error: https://maxcdn.bootstrapcdn.com/bootstrap/3.2.0/js/bootstrap.min.js, line 6: Error: Bootstrap's JavaScript requires jQuery
1602078124057	Marionette	INFO	Stopped listening on port 58534

###!!! [Child][RunMessage] Error: Channel closing: too late to send/recv, messages will be lost


###!!! [Child][MessageChannel::SendAndWait] Error: Channel error: cannot send/recv

1602078211008	geckodriver	INFO	Listening on 127.0.0.1:58698
1602078214074	mozrunner::runner	INFO	Running command: "C:\\Program Files\\Mozilla Firefox\\firefox.exe" "--marionette" "-foreground" "-no-remote" "-profile" "C:\\Users\\User\\AppData\\Local\\Temp\\rust_mozprofileZui3mF"
JavaScript error: resource://gre/modules/XULStore.jsm, line 66: Error: Can't find profile directory.
console.error: SearchCache: "_readCacheFile: Error reading cache file:" (new Error("", "(unknown module)"))
1602078215855	Marionette	INFO	Listening on port 58708
1602078216080	Marionette	WARN	TLS certificate errors will be ignored for this session
JavaScript error: https://maxcdn.bootstrapcdn.com/bootstrap/3.2.0/js/bootstrap.min.js, line 6: Error: Bootstrap's JavaScript requires jQuery
1602078223506	Marionette	INFO	Stopped listening on port 58708

###!!! [Child][RunMessage] Error: Channel closing: too late to send/recv, messages will be lost


###!!! [Child][MessageChannel::SendAndWait] Error: Channel error: cannot send/recv

1602078223978	geckodriver	INFO	Listening on 127.0.0.1:58801
1602078227032	mozrunner::runner	INFO	Running command: "C:\\Program Files\\Mozilla Firefox\\firefox.exe" "--marionette" "-foreground" "-no-remote" "-profile" "C:\\Users\\User\\AppData\\Local\\Temp\\rust_mozprofilejHVE70"
JavaScript error: resource://gre/modules/XULStore.jsm, line 66: Error: Can't find profile directory.
console.error: SearchCache: "_readCacheFile: Error reading cache file:" (new Error("", "(unknown module)"))
1602078228788	Marionette	INFO	Listening on port 58810
1602078229047	Marionette	WARN	TLS certificate errors will be ignored for this session
JavaScript error: https://maxcdn.bootstrapcdn.com/bootstrap/3.2.0/js/bootstrap.min.js, line 6: Error: Bootstrap's JavaScript requires jQuery
1602078237398	Marionette	INFO	Stopped listening on port 58810

###!!! [Child][RunMessage] Error: Channel closing: too late to send/recv, messages will be lost


###!!! [Child][MessageChannel::SendAndWait] Error: Channel error: cannot send/recv

1602078261902	geckodriver	INFO	Listening on 127.0.0.1:58929
1602078264945	mozrunner::runner	INFO	Running command: "C:\\Program Files\\Mozilla Firefox\\firefox.exe" "--marionette" "-foreground" "-no-remote" "-profile" "C:\\Users\\User\\AppData\\Local\\Temp\\rust_mozprofilemspmvN"
JavaScript error: resource://gre/modules/XULStore.jsm, line 66: Error: Can't find profile directory.
console.error: SearchCache: "_readCacheFile: Error reading cache file:" (new Error("", "(unknown module)"))
1602078266643	Marionette	INFO	Listening on port 58939
1602078266969	Marionette	WARN	TLS certificate errors will be ignored for this session
1602078273472	Marionette	INFO	Stopped listening on port 58939

###!!! [Child][RunMessage] Error: Channel closing: too late to send/recv, messages will be lost


###!!! [Child][MessageChannel::SendAndWait] Error: Channel error: cannot send/recv

1602078273936	geckodriver	INFO	Listening on 127.0.0.1:59015
1602078277018	mozrunner::runner	INFO	Running command: "C:\\Program Files\\Mozilla Firefox\\firefox.exe" "--marionette" "-foreground" "-no-remote" "-profile" "C:\\Users\\User\\AppData\\Local\\Temp\\rust_mozprofile3m2ktw"
JavaScript error: resource://gre/modules/XULStore.jsm, line 66: Error: Can't find profile directory.
console.error: SearchCache: "_readCacheFile: Error reading cache file:" (new Error("", "(unknown module)"))
1602078278683	Marionette	INFO	Listening on port 59023
1602078279041	Marionette	WARN	TLS certificate errors will be ignored for this session
JavaScript error: https://maxcdn.bootstrapcdn.com/bootstrap/3.2.0/js/bootstrap.min.js, line 6: Error: Bootstrap's JavaScript requires jQuery
1602078286307	Marionette	INFO	Stopped listening on port 59023

###!!! [Child][RunMessage] Error: Channel closing: too late to send/recv, messages will be lost


###!!! [Child][MessageChannel::SendAndWait] Error: Channel error: cannot send/recv

1602706346129	geckodriver	INFO	Listening on 127.0.0.1:63647
1602706349188	mozrunner::runner	INFO	Running command: "C:\\Program Files\\Mozilla Firefox\\firefox.exe" "--marionette" "-foreground" "-no-remote" "-profile" "C:\\Users\\User\\AppData\\Local\\Temp\\rust_mozprofileU8ZLUy"
JavaScript error: resource://gre/modules/XULStore.jsm, line 66: Error: Can't find profile directory.
console.error: SearchCache: "_readCacheFile: Error reading cache file:" (new Error("", "(unknown module)"))
1602706351232	Marionette	INFO	Listening on port 63657
1602706351320	Marionette	WARN	TLS certificate errors will be ignored for this session
1602706359125	Marionette	INFO	Stopped listening on port 63657

###!!! [Child][RunMessage] Error: Channel closing: too late to send/recv, messages will be lost


###!!! [Child][MessageChannel::SendAndWait] Error: Channel error: cannot send/recv

1602706360236	geckodriver	INFO	Listening on 127.0.0.1:63748
1602706363270	mozrunner::runner	INFO	Running command: "C:\\Program Files\\Mozilla Firefox\\firefox.exe" "--marionette" "-foreground" "-no-remote" "-profile" "C:\\Users\\User\\AppData\\Local\\Temp\\rust_mozprofilewNsSwy"
JavaScript error: resource://gre/modules/XULStore.jsm, line 66: Error: Can't find profile directory.
console.error: SearchCache: "_readCacheFile: Error reading cache file:" (new Error("", "(unknown module)"))
1602706365622	Marionette	INFO	Listening on port 63759
1602706365899	Marionette	WARN	TLS certificate errors will be ignored for this session
1602706373538	Marionette	INFO	Stopped listening on port 63759

###!!! [Child][RunMessage] Error: Channel closing: too late to send/recv, messages will be lost


###!!! [Child][MessageChannel::SendAndWait] Error: Channel error: cannot send/recv

1602707158152	geckodriver	INFO	Listening on 127.0.0.1:64803
1602707161218	mozrunner::runner	INFO	Running command: "C:\\Program Files\\Mozilla Firefox\\firefox.exe" "--marionette" "-foreground" "-no-remote" "-profile" "C:\\Users\\User\\AppData\\Local\\Temp\\rust_mozprofileZUUK4L"
JavaScript error: resource://gre/modules/XULStore.jsm, line 66: Error: Can't find profile directory.
console.error: SearchCache: "_readCacheFile: Error reading cache file:" (new Error("", "(unknown module)"))
1602707163217	Marionette	INFO	Listening on port 64814
1602707163242	Marionette	WARN	TLS certificate errors will be ignored for this session
JavaScript error: https://maxcdn.bootstrapcdn.com/bootstrap/3.2.0/js/bootstrap.min.js, line 6: Error: Bootstrap's JavaScript requires jQuery
1602707172137	Marionette	INFO	Stopped listening on port 64814

###!!! [Child][RunMessage] Error: Channel closing: too late to send/recv, messages will be lost


###!!! [Child][MessageChannel::SendAndWait] Error: Channel error: cannot send/recv

1602707172703	geckodriver	INFO	Listening on 127.0.0.1:64903
1602707175739	mozrunner::runner	INFO	Running command: "C:\\Program Files\\Mozilla Firefox\\firefox.exe" "--marionette" "-foreground" "-no-remote" "-profile" "C:\\Users\\User\\AppData\\Local\\Temp\\rust_mozprofilepvB18v"
JavaScript error: resource://gre/modules/XULStore.jsm, line 66: Error: Can't find profile directory.
console.error: SearchCache: "_readCacheFile: Error reading cache file:" (new Error("", "(unknown module)"))
1602707177855	Marionette	INFO	Listening on port 64914
1602707177879	Marionette	WARN	TLS certificate errors will be ignored for this session
JavaScript error: https://maxcdn.bootstrapcdn.com/bootstrap/3.2.0/js/bootstrap.min.js, line 6: Error: Bootstrap's JavaScript requires jQuery
1602707185544	Marionette	INFO	Stopped listening on port 64914

###!!! [Child][RunMessage] Error: Channel closing: too late to send/recv, messages will be lost


###!!! [Child][MessageChannel::SendAndWait] Error: Channel error: cannot send/recv

1602707186118	geckodriver	INFO	Listening on 127.0.0.1:64991
1602707189155	mozrunner::runner	INFO	Running command: "C:\\Program Files\\Mozilla Firefox\\firefox.exe" "--marionette" "-foreground" "-no-remote" "-profile" "C:\\Users\\User\\AppData\\Local\\Temp\\rust_mozprofileQfFqhy"
JavaScript error: resource://gre/modules/XULStore.jsm, line 66: Error: Can't find profile directory.
console.error: SearchCache: "_readCacheFile: Error reading cache file:" (new Error("", "(unknown module)"))
1602707191103	Marionette	INFO	Listening on port 64999
1602707191170	Marionette	WARN	TLS certificate errors will be ignored for this session
1602707197584	Marionette	INFO	Stopped listening on port 64999

###!!! [Child][RunMessage] Error: Channel closing: too late to send/recv, messages will be lost


###!!! [Child][MessageChannel::SendAndWait] Error: Channel error: cannot send/recv

